<?xml version="1.0" encoding="UTF-8"?>
<testng-results ignored="2" total="4" passed="1" failed="1" skipped="0">
  <reporter-output>
  </reporter-output>
  <suite started-at="2021-07-23T18:11:11 IST" name="Default suite" finished-at="2021-07-23T18:11:56 IST" duration-ms="45293">
    <groups>
    </groups>
    <test started-at="2021-07-23T18:11:11 IST" name="Default test" finished-at="2021-07-23T18:11:56 IST" duration-ms="45293">
      <class name="orangeHRMGrid.PIMPage_Verification">
        <test-method is-config="true" signature="setUp()[pri:0, instance:orangeHRMGrid.PIMPage_Verification@72758afa]" started-at="2021-07-23T18:11:11 IST" name="setUp" finished-at="2021-07-23T18:11:35 IST" duration-ms="23495" status="PASS">
          <reporter-output>
          </reporter-output>
        </test-method> <!-- setUp -->
        <test-method signature="verifyAddEmployee(java.lang.Object)[pri:3, instance:orangeHRMGrid.PIMPage_Verification@72758afa]" started-at="2021-07-23T18:11:35 IST" name="verifyAddEmployee" data-provider="dataForPIMPage" finished-at="2021-07-23T18:11:56 IST" duration-ms="20831" status="PASS">
          <params>
            <param index="0">
              <value>
                <![CDATA[{marital_status=Other, gender=Male, nationality=2, license_expiry_date=43901, date_of_birth=33064, employee_id=1444, last_name=lname, driver's_license_no=322432423, other_id=322222, middle_name=mname, first_name=fname}]]>
              </value>
            </param>
          </params>
          <reporter-output>
          </reporter-output>
        </test-method> <!-- verifyAddEmployee -->
        <test-method is-config="true" signature="tearDownBrowser()[pri:0, instance:orangeHRMGrid.PIMPage_Verification@72758afa]" started-at="2021-07-23T18:11:56 IST" name="tearDownBrowser" finished-at="2021-07-23T18:11:56 IST" duration-ms="789" status="PASS">
          <reporter-output>
          </reporter-output>
        </test-method> <!-- tearDownBrowser -->
        <test-method signature="verifyAddEmployee(java.lang.Object)[pri:3, instance:orangeHRMGrid.PIMPage_Verification@72758afa]" started-at="2021-07-23T18:11:56 IST" name="verifyAddEmployee" data-provider="dataForPIMPage" finished-at="2021-07-23T18:11:56 IST" duration-ms="24" status="FAIL">
          <params>
            <param index="0">
              <value>
                <![CDATA[{marital_status=Married, gender=Female, nationality=3, license_expiry_date=43932, date_of_birth=33795, employee_id=54543, last_name=lname1, driver's_license_no=1322432423, other_id=1322222, middle_name=mname1, first_name=fname1}]]>
              </value>
            </param>
          </params>
          <exception class="org.openqa.selenium.NoSuchSessionException">
            <message>
              <![CDATA[Session ID is null. Using WebDriver after calling quit()?
Build info: version: '3.141.59', revision: 'e82be7d358', time: '2018-11-14T08:17:03'
System info: host: 'LAPTOP-OLPA0MDN', ip: '192.168.43.249', os.name: 'Windows 10', os.arch: 'amd64', os.version: '10.0', java.version: '15.0.2'
Driver info: driver.version: RemoteWebDriver]]>
            </message>
            <full-stacktrace>
              <![CDATA[org.openqa.selenium.NoSuchSessionException: Session ID is null. Using WebDriver after calling quit()?
Build info: version: '3.141.59', revision: 'e82be7d358', time: '2018-11-14T08:17:03'
System info: host: 'LAPTOP-OLPA0MDN', ip: '192.168.43.249', os.name: 'Windows 10', os.arch: 'amd64', os.version: '10.0', java.version: '15.0.2'
Driver info: driver.version: RemoteWebDriver
at org.openqa.selenium.remote.HttpCommandExecutor.execute(HttpCommandExecutor.java:125)
at org.openqa.selenium.remote.RemoteWebDriver.execute(RemoteWebDriver.java:552)
at org.openqa.selenium.remote.RemoteWebDriver.findElement(RemoteWebDriver.java:323)
at org.openqa.selenium.remote.RemoteWebDriver.findElementByXPath(RemoteWebDriver.java:428)
at org.openqa.selenium.By$ByXPath.findElement(By.java:353)
at org.openqa.selenium.remote.RemoteWebDriver.findElement(RemoteWebDriver.java:315)
at orangeHRMGrid.PIMPage_Verification.verifyAddEmployee(PIMPage_Verification.java:199)
at java.base/jdk.internal.reflect.NativeMethodAccessorImpl.invoke0(Native Method)
at java.base/jdk.internal.reflect.NativeMethodAccessorImpl.invoke(NativeMethodAccessorImpl.java:64)
at java.base/jdk.internal.reflect.DelegatingMethodAccessorImpl.invoke(DelegatingMethodAccessorImpl.java:43)
at java.base/java.lang.reflect.Method.invoke(Method.java:564)
at org.testng.internal.MethodInvocationHelper.invokeMethod(MethodInvocationHelper.java:132)
at org.testng.internal.TestInvoker.invokeMethod(TestInvoker.java:599)
at org.testng.internal.TestInvoker.invokeTestMethod(TestInvoker.java:174)
at org.testng.internal.MethodRunner.runInSequence(MethodRunner.java:46)
at org.testng.internal.TestInvoker$MethodInvocationAgent.invoke(TestInvoker.java:822)
at org.testng.internal.TestInvoker.invokeTestMethods(TestInvoker.java:147)
at org.testng.internal.TestMethodWorker.invokeTestMethods(TestMethodWorker.java:146)
at org.testng.internal.TestMethodWorker.run(TestMethodWorker.java:128)
at java.base/java.util.ArrayList.forEach(ArrayList.java:1511)
at org.testng.TestRunner.privateRun(TestRunner.java:764)
at org.testng.TestRunner.run(TestRunner.java:585)
at org.testng.SuiteRunner.runTest(SuiteRunner.java:384)
at org.testng.SuiteRunner.runSequentially(SuiteRunner.java:378)
at org.testng.SuiteRunner.privateRun(SuiteRunner.java:337)
at org.testng.SuiteRunner.run(SuiteRunner.java:286)
at org.testng.SuiteRunnerWorker.runSuite(SuiteRunnerWorker.java:53)
at org.testng.SuiteRunnerWorker.run(SuiteRunnerWorker.java:96)
at org.testng.TestNG.runSuitesSequentially(TestNG.java:1218)
at org.testng.TestNG.runSuitesLocally(TestNG.java:1140)
at org.testng.TestNG.runSuites(TestNG.java:1069)
at org.testng.TestNG.run(TestNG.java:1037)
at org.testng.remote.AbstractRemoteTestNG.run(AbstractRemoteTestNG.java:115)
at org.testng.remote.RemoteTestNG.initAndRun(RemoteTestNG.java:251)
at org.testng.remote.RemoteTestNG.main(RemoteTestNG.java:77)
]]>
            </full-stacktrace>
          </exception> <!-- org.openqa.selenium.NoSuchSessionException -->
          <reporter-output>
          </reporter-output>
        </test-method> <!-- verifyAddEmployee -->
        <test-method is-config="true" signature="tearDownBrowser()[pri:0, instance:orangeHRMGrid.PIMPage_Verification@72758afa]" started-at="2021-07-23T18:11:56 IST" name="tearDownBrowser" finished-at="2021-07-23T18:11:56 IST" duration-ms="1" status="PASS">
          <reporter-output>
          </reporter-output>
        </test-method> <!-- tearDownBrowser -->
      </class> <!-- orangeHRMGrid.PIMPage_Verification -->
    </test> <!-- Default test -->
  </suite> <!-- Default suite -->
</testng-results>
